{"name":"hexo","hostname":"S0OKZTB8R9CLPK6","pid":2128,"level":20,"msg":"Hexo version: \u001b[35m3.3.0\u001b[39m","time":"2019-04-27T12:10:59.918Z","v":0}
{"name":"hexo","hostname":"S0OKZTB8R9CLPK6","pid":2128,"level":20,"msg":"Working directory: \u001b[35mE:\\miniwa.blog\\miniwa-src\\\u001b[39m","time":"2019-04-27T12:10:59.919Z","v":0}
{"name":"hexo","hostname":"S0OKZTB8R9CLPK6","pid":2128,"level":20,"msg":"Config loaded: \u001b[35mE:\\miniwa.blog\\miniwa-src\\_config.yml\u001b[39m","time":"2019-04-27T12:11:00.056Z","v":0}
{"name":"hexo","hostname":"S0OKZTB8R9CLPK6","pid":2128,"level":20,"msg":"Plugin loaded: \u001b[35mhexo-asset-image\u001b[39m","time":"2019-04-27T12:11:00.148Z","v":0}
{"name":"hexo","hostname":"S0OKZTB8R9CLPK6","pid":2128,"level":20,"msg":"Plugin loaded: \u001b[35mhexo-baidu-url-submit\u001b[39m","time":"2019-04-27T12:11:00.151Z","v":0}
{"name":"hexo","hostname":"S0OKZTB8R9CLPK6","pid":2128,"level":20,"msg":"Plugin loaded: \u001b[35mhexo-filter-highlight\u001b[39m","time":"2019-04-27T12:11:00.153Z","v":0}
{"name":"hexo","hostname":"S0OKZTB8R9CLPK6","pid":2128,"level":20,"msg":"Plugin loaded: \u001b[35mhexo-deployer-git\u001b[39m","time":"2019-04-27T12:11:00.172Z","v":0}
{"name":"hexo","hostname":"S0OKZTB8R9CLPK6","pid":2128,"level":20,"msg":"Plugin loaded: \u001b[35mhexo-fs\u001b[39m","time":"2019-04-27T12:11:00.325Z","v":0}
{"name":"hexo","hostname":"S0OKZTB8R9CLPK6","pid":2128,"level":20,"msg":"Plugin loaded: \u001b[35mhexo-generator-category\u001b[39m","time":"2019-04-27T12:11:00.329Z","v":0}
{"name":"hexo","hostname":"S0OKZTB8R9CLPK6","pid":2128,"level":20,"msg":"Plugin loaded: \u001b[35mhexo-generator-archive\u001b[39m","time":"2019-04-27T12:11:00.332Z","v":0}
{"name":"hexo","hostname":"S0OKZTB8R9CLPK6","pid":2128,"level":20,"msg":"Plugin loaded: \u001b[35mhexo-generator-json-content\u001b[39m","time":"2019-04-27T12:11:00.371Z","v":0}
{"name":"hexo","hostname":"S0OKZTB8R9CLPK6","pid":2128,"level":20,"msg":"Plugin loaded: \u001b[35mhexo-generator-index\u001b[39m","time":"2019-04-27T12:11:00.374Z","v":0}
{"name":"hexo","hostname":"S0OKZTB8R9CLPK6","pid":2128,"level":20,"msg":"Plugin loaded: \u001b[35mhexo-generator-tag\u001b[39m","time":"2019-04-27T12:11:00.377Z","v":0}
{"name":"hexo","hostname":"S0OKZTB8R9CLPK6","pid":2128,"level":20,"msg":"Plugin loaded: \u001b[35mhexo-renderer-marked\u001b[39m","time":"2019-04-27T12:11:00.384Z","v":0}
{"name":"hexo","hostname":"S0OKZTB8R9CLPK6","pid":2128,"level":20,"msg":"Plugin loaded: \u001b[35mhexo-renderer-ejs\u001b[39m","time":"2019-04-27T12:11:00.388Z","v":0}
{"name":"hexo","hostname":"S0OKZTB8R9CLPK6","pid":2128,"level":20,"msg":"Plugin loaded: \u001b[35mhexo-renderer-stylus\u001b[39m","time":"2019-04-27T12:11:00.390Z","v":0}
{"name":"hexo","hostname":"S0OKZTB8R9CLPK6","pid":2128,"level":20,"msg":"Plugin loaded: \u001b[35mhexo-server\u001b[39m","time":"2019-04-27T12:11:00.461Z","v":0}
{"name":"hexo","hostname":"S0OKZTB8R9CLPK6","pid":2128,"level":20,"msg":"Plugin loaded: \u001b[35mhexo-wordcount\u001b[39m","time":"2019-04-27T12:11:00.515Z","v":0}
{"name":"hexo","hostname":"S0OKZTB8R9CLPK6","pid":2128,"level":30,"msg":"Deleted database.","time":"2019-04-27T12:11:00.543Z","v":0}
{"name":"hexo","hostname":"S0OKZTB8R9CLPK6","pid":2128,"level":20,"msg":"Database saved","time":"2019-04-27T12:11:00.546Z","v":0}
{"name":"hexo","hostname":"S0OKZTB8R9CLPK6","pid":7360,"level":20,"msg":"Hexo version: \u001b[35m3.3.0\u001b[39m","time":"2019-04-27T12:11:29.069Z","v":0}
{"name":"hexo","hostname":"S0OKZTB8R9CLPK6","pid":7360,"level":20,"msg":"Working directory: \u001b[35mE:\\miniwa.blog\\miniwa-src\\\u001b[39m","time":"2019-04-27T12:11:29.070Z","v":0}
{"name":"hexo","hostname":"S0OKZTB8R9CLPK6","pid":7360,"level":20,"msg":"Config loaded: \u001b[35mE:\\miniwa.blog\\miniwa-src\\_config.yml\u001b[39m","time":"2019-04-27T12:11:29.207Z","v":0}
{"name":"hexo","hostname":"S0OKZTB8R9CLPK6","pid":7360,"level":20,"msg":"Plugin loaded: \u001b[35mhexo-asset-image\u001b[39m","time":"2019-04-27T12:11:29.296Z","v":0}
{"name":"hexo","hostname":"S0OKZTB8R9CLPK6","pid":7360,"level":20,"msg":"Plugin loaded: \u001b[35mhexo-deployer-git\u001b[39m","time":"2019-04-27T12:11:29.316Z","v":0}
{"name":"hexo","hostname":"S0OKZTB8R9CLPK6","pid":7360,"level":20,"msg":"Plugin loaded: \u001b[35mhexo-fs\u001b[39m","time":"2019-04-27T12:11:29.473Z","v":0}
{"name":"hexo","hostname":"S0OKZTB8R9CLPK6","pid":7360,"level":20,"msg":"Plugin loaded: \u001b[35mhexo-generator-archive\u001b[39m","time":"2019-04-27T12:11:29.477Z","v":0}
{"name":"hexo","hostname":"S0OKZTB8R9CLPK6","pid":7360,"level":20,"msg":"Plugin loaded: \u001b[35mhexo-generator-category\u001b[39m","time":"2019-04-27T12:11:29.479Z","v":0}
{"name":"hexo","hostname":"S0OKZTB8R9CLPK6","pid":7360,"level":20,"msg":"Plugin loaded: \u001b[35mhexo-generator-index\u001b[39m","time":"2019-04-27T12:11:29.481Z","v":0}
{"name":"hexo","hostname":"S0OKZTB8R9CLPK6","pid":7360,"level":20,"msg":"Plugin loaded: \u001b[35mhexo-filter-highlight\u001b[39m","time":"2019-04-27T12:11:29.482Z","v":0}
{"name":"hexo","hostname":"S0OKZTB8R9CLPK6","pid":7360,"level":20,"msg":"Plugin loaded: \u001b[35mhexo-generator-json-content\u001b[39m","time":"2019-04-27T12:11:29.523Z","v":0}
{"name":"hexo","hostname":"S0OKZTB8R9CLPK6","pid":7360,"level":20,"msg":"Plugin loaded: \u001b[35mhexo-generator-tag\u001b[39m","time":"2019-04-27T12:11:29.525Z","v":0}
{"name":"hexo","hostname":"S0OKZTB8R9CLPK6","pid":7360,"level":20,"msg":"Plugin loaded: \u001b[35mhexo-renderer-ejs\u001b[39m","time":"2019-04-27T12:11:29.529Z","v":0}
{"name":"hexo","hostname":"S0OKZTB8R9CLPK6","pid":7360,"level":20,"msg":"Plugin loaded: \u001b[35mhexo-renderer-marked\u001b[39m","time":"2019-04-27T12:11:29.537Z","v":0}
{"name":"hexo","hostname":"S0OKZTB8R9CLPK6","pid":7360,"level":20,"msg":"Plugin loaded: \u001b[35mhexo-renderer-stylus\u001b[39m","time":"2019-04-27T12:11:29.538Z","v":0}
{"name":"hexo","hostname":"S0OKZTB8R9CLPK6","pid":7360,"level":20,"msg":"Plugin loaded: \u001b[35mhexo-wordcount\u001b[39m","time":"2019-04-27T12:11:29.591Z","v":0}
{"name":"hexo","hostname":"S0OKZTB8R9CLPK6","pid":7360,"level":20,"msg":"Plugin loaded: \u001b[35mhexo-server\u001b[39m","time":"2019-04-27T12:11:29.662Z","v":0}
{"name":"hexo","hostname":"S0OKZTB8R9CLPK6","pid":7360,"level":20,"msg":"Plugin loaded: \u001b[35mhexo-baidu-url-submit\u001b[39m","time":"2019-04-27T12:11:29.666Z","v":0}
{"name":"hexo","hostname":"S0OKZTB8R9CLPK6","pid":7360,"level":20,"msg":"Loading database.","time":"2019-04-27T12:11:29.697Z","v":0}
{"name":"hexo","hostname":"S0OKZTB8R9CLPK6","pid":7360,"level":30,"msg":"Start processing","time":"2019-04-27T12:11:30.475Z","v":0}
{"name":"hexo","hostname":"S0OKZTB8R9CLPK6","pid":7360,"level":20,"msg":"Processed: \u001b[35mCNAME\u001b[39m","time":"2019-04-27T12:11:31.129Z","v":0}
{"name":"hexo","hostname":"S0OKZTB8R9CLPK6","pid":7360,"level":20,"msg":"Processed: \u001b[35m_posts/2015-09-20-seajs-source.markdown\u001b[39m","time":"2019-04-27T12:11:31.908Z","v":0}
{"name":"hexo","hostname":"S0OKZTB8R9CLPK6","pid":7360,"level":20,"msg":"Processed: \u001b[35m_posts/2015-09-12-js-base-extend.markdown\u001b[39m","time":"2019-04-27T12:11:31.908Z","v":0}
{"name":"hexo","hostname":"S0OKZTB8R9CLPK6","pid":7360,"level":20,"msg":"Processed: \u001b[35m_posts/2015-10-10-backbone.markdown\u001b[39m","time":"2019-04-27T12:11:31.909Z","v":0}
{"name":"hexo","hostname":"S0OKZTB8R9CLPK6","pid":7360,"level":20,"msg":"Processed: \u001b[35m_posts/2015-11-6-reback-js.markdown\u001b[39m","time":"2019-04-27T12:11:31.909Z","v":0}
{"name":"hexo","hostname":"S0OKZTB8R9CLPK6","pid":7360,"level":20,"msg":"Processed: \u001b[35m_posts/2015-09-25-shadow-dom.markdown\u001b[39m","time":"2019-04-27T12:11:31.909Z","v":0}
{"name":"hexo","hostname":"S0OKZTB8R9CLPK6","pid":7360,"level":20,"msg":"Processed: \u001b[35m_posts/2015-12-05-css-center.markdown\u001b[39m","time":"2019-04-27T12:11:31.910Z","v":0}
{"name":"hexo","hostname":"S0OKZTB8R9CLPK6","pid":7360,"level":20,"msg":"Processed: \u001b[35m_posts/2016-04-10-react-resume.markdown\u001b[39m","time":"2019-04-27T12:11:31.910Z","v":0}
{"name":"hexo","hostname":"S0OKZTB8R9CLPK6","pid":7360,"level":20,"msg":"Processed: \u001b[35m_posts/2016-04-12-node-npm.markdown\u001b[39m","time":"2019-04-27T12:11:31.910Z","v":0}
{"name":"hexo","hostname":"S0OKZTB8R9CLPK6","pid":7360,"level":20,"msg":"Processed: \u001b[35m_posts/2016-06-08-javascript-template.markdown\u001b[39m","time":"2019-04-27T12:11:31.910Z","v":0}
{"name":"hexo","hostname":"S0OKZTB8R9CLPK6","pid":7360,"level":20,"msg":"Processed: \u001b[35m_posts/2016-06-08-pie.markdown\u001b[39m","time":"2019-04-27T12:11:31.911Z","v":0}
{"name":"hexo","hostname":"S0OKZTB8R9CLPK6","pid":7360,"level":20,"msg":"Processed: \u001b[35m_posts/2017-08-05-yangshuoyouji.markdown\u001b[39m","time":"2019-04-27T12:11:31.911Z","v":0}
{"name":"hexo","hostname":"S0OKZTB8R9CLPK6","pid":7360,"level":20,"msg":"Processed: \u001b[35m_posts/2017-08-18-vue-router.markdown\u001b[39m","time":"2019-04-27T12:11:31.911Z","v":0}
{"name":"hexo","hostname":"S0OKZTB8R9CLPK6","pid":7360,"level":20,"msg":"Processed: \u001b[35m_posts/2017-08-20-xiamen.markdown\u001b[39m","time":"2019-04-27T12:11:31.911Z","v":0}
{"name":"hexo","hostname":"S0OKZTB8R9CLPK6","pid":7360,"level":20,"msg":"Processed: \u001b[35m_posts/2017-09-01-vuex-base.markdown\u001b[39m","time":"2019-04-27T12:11:31.911Z","v":0}
{"name":"hexo","hostname":"S0OKZTB8R9CLPK6","pid":7360,"level":20,"msg":"Processed: \u001b[35m_posts/2017-09-09-about-es6.markdown\u001b[39m","time":"2019-04-27T12:11:31.912Z","v":0}
{"name":"hexo","hostname":"S0OKZTB8R9CLPK6","pid":7360,"level":20,"msg":"Processed: \u001b[35m_posts/2017-09-10-get-data.markdown\u001b[39m","time":"2019-04-27T12:11:31.912Z","v":0}
{"name":"hexo","hostname":"S0OKZTB8R9CLPK6","pid":7360,"level":20,"msg":"Processed: \u001b[35m_posts/2018-02-14-egg-validate.md\u001b[39m","time":"2019-04-27T12:11:31.912Z","v":0}
{"name":"hexo","hostname":"S0OKZTB8R9CLPK6","pid":7360,"level":20,"msg":"Processed: \u001b[35m_posts/2018-02-19-chongsheng.md\u001b[39m","time":"2019-04-27T12:11:31.912Z","v":0}
{"name":"hexo","hostname":"S0OKZTB8R9CLPK6","pid":7360,"level":20,"msg":"Processed: \u001b[35mabout/index.md\u001b[39m","time":"2019-04-27T12:11:31.912Z","v":0}
{"name":"hexo","hostname":"S0OKZTB8R9CLPK6","pid":7360,"level":20,"msg":"Processed: \u001b[35mapps/logo.png\u001b[39m","time":"2019-04-27T12:11:31.913Z","v":0}
{"name":"hexo","hostname":"S0OKZTB8R9CLPK6","pid":7360,"level":20,"msg":"Theme config loaded.","time":"2019-04-27T12:11:35.022Z","v":0}
{"name":"hexo","hostname":"S0OKZTB8R9CLPK6","pid":7360,"level":20,"msg":"Processed: \u001b[35m_config.yml\u001b[39m","time":"2019-04-27T12:11:35.085Z","v":0}
{"name":"hexo","hostname":"S0OKZTB8R9CLPK6","pid":7360,"level":20,"msg":"Processed: \u001b[35m_posts/2017-09-09-about-es6/about-es6.jpg\u001b[39m","time":"2019-04-27T12:11:35.087Z","v":0}
{"name":"hexo","hostname":"S0OKZTB8R9CLPK6","pid":7360,"level":20,"msg":"Processed: \u001b[35mapps/canvas-dice/README.md\u001b[39m","time":"2019-04-27T12:11:35.088Z","v":0}
{"name":"hexo","hostname":"S0OKZTB8R9CLPK6","pid":7360,"level":20,"msg":"Processed: \u001b[35m_posts/2017-09-10-get-data/step1.png\u001b[39m","time":"2019-04-27T12:11:35.090Z","v":0}
{"name":"hexo","hostname":"S0OKZTB8R9CLPK6","pid":7360,"level":20,"msg":"Processed: \u001b[35mapps/canvas-dice/index.html\u001b[39m","time":"2019-04-27T12:11:35.091Z","v":0}
{"name":"hexo","hostname":"S0OKZTB8R9CLPK6","pid":7360,"level":20,"msg":"Processed: \u001b[35m_posts/2017-09-10-get-data/step3.png\u001b[39m","time":"2019-04-27T12:11:35.092Z","v":0}
{"name":"hexo","hostname":"S0OKZTB8R9CLPK6","pid":7360,"level":20,"msg":"Processed: \u001b[35mapps/canvas-dice/index.js\u001b[39m","time":"2019-04-27T12:11:35.092Z","v":0}
{"name":"hexo","hostname":"S0OKZTB8R9CLPK6","pid":7360,"level":20,"msg":"Processed: \u001b[35m_posts/2017-09-10-get-data/step4.png\u001b[39m","time":"2019-04-27T12:11:35.093Z","v":0}
{"name":"hexo","hostname":"S0OKZTB8R9CLPK6","pid":7360,"level":20,"msg":"Processed: \u001b[35mapps/dear/index.html\u001b[39m","time":"2019-04-27T12:11:35.097Z","v":0}
{"name":"hexo","hostname":"S0OKZTB8R9CLPK6","pid":7360,"level":20,"msg":"Processed: \u001b[35mapps/pie/index.html\u001b[39m","time":"2019-04-27T12:11:35.097Z","v":0}
{"name":"hexo","hostname":"S0OKZTB8R9CLPK6","pid":7360,"level":20,"msg":"Processed: \u001b[35msource/assets/example_qr.png\u001b[39m","time":"2019-04-27T12:11:35.098Z","v":0}
{"name":"hexo","hostname":"S0OKZTB8R9CLPK6","pid":7360,"level":20,"msg":"Processed: \u001b[35msource/assets/favicon.ico\u001b[39m","time":"2019-04-27T12:11:35.098Z","v":0}
{"name":"hexo","hostname":"S0OKZTB8R9CLPK6","pid":7360,"level":20,"msg":"Processed: \u001b[35msource/assets/loading.svg\u001b[39m","time":"2019-04-27T12:11:35.098Z","v":0}
{"name":"hexo","hostname":"S0OKZTB8R9CLPK6","pid":7360,"level":20,"msg":"Processed: \u001b[35msource/assets/site.ico\u001b[39m","time":"2019-04-27T12:11:35.098Z","v":0}
{"name":"hexo","hostname":"S0OKZTB8R9CLPK6","pid":7360,"level":20,"msg":"Processed: \u001b[35msource/avatar/logo.png\u001b[39m","time":"2019-04-27T12:11:35.099Z","v":0}
{"name":"hexo","hostname":"S0OKZTB8R9CLPK6","pid":7360,"level":20,"msg":"Processed: \u001b[35msource/css/mobile.css\u001b[39m","time":"2019-04-27T12:11:35.099Z","v":0}
{"name":"hexo","hostname":"S0OKZTB8R9CLPK6","pid":7360,"level":20,"msg":"Processed: \u001b[35msource/css/style.css\u001b[39m","time":"2019-04-27T12:11:35.099Z","v":0}
{"name":"hexo","hostname":"S0OKZTB8R9CLPK6","pid":7360,"level":20,"msg":"Processed: \u001b[35msource/font/Source Sans Pro.woff\u001b[39m","time":"2019-04-27T12:11:35.100Z","v":0}
{"name":"hexo","hostname":"S0OKZTB8R9CLPK6","pid":7360,"level":20,"msg":"Processed: \u001b[35msource/font/Source Sans Pro.woff2\u001b[39m","time":"2019-04-27T12:11:35.100Z","v":0}
{"name":"hexo","hostname":"S0OKZTB8R9CLPK6","pid":7360,"level":20,"msg":"Processed: \u001b[35msource/intro/index.js\u001b[39m","time":"2019-04-27T12:11:35.100Z","v":0}
{"name":"hexo","hostname":"S0OKZTB8R9CLPK6","pid":7360,"level":20,"msg":"Processed: \u001b[35msource/lib/webfontloader.min.js\u001b[39m","time":"2019-04-27T12:11:35.100Z","v":0}
{"name":"hexo","hostname":"S0OKZTB8R9CLPK6","pid":7360,"level":20,"msg":"Processed: \u001b[35msource/scripts/share.js\u001b[39m","time":"2019-04-27T12:11:35.101Z","v":0}
{"name":"hexo","hostname":"S0OKZTB8R9CLPK6","pid":7360,"level":20,"msg":"Processed: \u001b[35m_posts/2017-08-05-yangshuoyouji/20.JPG\u001b[39m","time":"2019-04-27T12:11:35.798Z","v":0}
{"name":"hexo","hostname":"S0OKZTB8R9CLPK6","pid":7360,"level":20,"msg":"Processed: \u001b[35msource/font/Oswald-Regular.ttf\u001b[39m","time":"2019-04-27T12:11:35.798Z","v":0}
{"name":"hexo","hostname":"S0OKZTB8R9CLPK6","pid":7360,"level":20,"msg":"Processed: \u001b[35m_posts/2017-08-20-xiamen/3.JPG\u001b[39m","time":"2019-04-27T12:11:35.799Z","v":0}
{"name":"hexo","hostname":"S0OKZTB8R9CLPK6","pid":7360,"level":20,"msg":"Processed: \u001b[35msource/font/SourceCodePro-Regular.ttf.woff\u001b[39m","time":"2019-04-27T12:11:35.799Z","v":0}
{"name":"hexo","hostname":"S0OKZTB8R9CLPK6","pid":7360,"level":20,"msg":"Processed: \u001b[35m_posts/2017-09-10-get-data/step5.png\u001b[39m","time":"2019-04-27T12:11:35.800Z","v":0}
{"name":"hexo","hostname":"S0OKZTB8R9CLPK6","pid":7360,"level":20,"msg":"Processed: \u001b[35msource/font/SourceCodePro-Regular.ttf.woff2\u001b[39m","time":"2019-04-27T12:11:35.800Z","v":0}
{"name":"hexo","hostname":"S0OKZTB8R9CLPK6","pid":7360,"level":20,"msg":"Processed: \u001b[35msource/intro/404-bg.jpg\u001b[39m","time":"2019-04-27T12:11:35.800Z","v":0}
{"name":"hexo","hostname":"S0OKZTB8R9CLPK6","pid":7360,"level":20,"msg":"Processed: \u001b[35msource/lib/jquery.min.js\u001b[39m","time":"2019-04-27T12:11:35.800Z","v":0}
{"name":"hexo","hostname":"S0OKZTB8R9CLPK6","pid":7360,"level":20,"msg":"Processed: \u001b[35mlayout/404.ejs\u001b[39m","time":"2019-04-27T12:11:37.237Z","v":0}
{"name":"hexo","hostname":"S0OKZTB8R9CLPK6","pid":7360,"level":20,"msg":"Processed: \u001b[35mlayout/about.ejs\u001b[39m","time":"2019-04-27T12:11:37.237Z","v":0}
{"name":"hexo","hostname":"S0OKZTB8R9CLPK6","pid":7360,"level":20,"msg":"Processed: \u001b[35mlayout/layout.ejs\u001b[39m","time":"2019-04-27T12:11:37.238Z","v":0}
{"name":"hexo","hostname":"S0OKZTB8R9CLPK6","pid":7360,"level":20,"msg":"Processed: \u001b[35mlayout/post.ejs\u001b[39m","time":"2019-04-27T12:11:37.238Z","v":0}
{"name":"hexo","hostname":"S0OKZTB8R9CLPK6","pid":7360,"level":20,"msg":"Processed: \u001b[35mlayout/index.ejs\u001b[39m","time":"2019-04-27T12:11:37.238Z","v":0}
{"name":"hexo","hostname":"S0OKZTB8R9CLPK6","pid":7360,"level":20,"msg":"Processed: \u001b[35mlayout/site-meta.ejs\u001b[39m","time":"2019-04-27T12:11:37.238Z","v":0}
{"name":"hexo","hostname":"S0OKZTB8R9CLPK6","pid":7360,"level":20,"msg":"Processed: \u001b[35m_posts/2017-08-05-yangshuoyouji/10.JPG\u001b[39m","time":"2019-04-27T12:11:37.277Z","v":0}
{"name":"hexo","hostname":"S0OKZTB8R9CLPK6","pid":7360,"level":20,"msg":"Processed: \u001b[35mapps/dear/source/default.css\u001b[39m","time":"2019-04-27T12:11:37.279Z","v":0}
{"name":"hexo","hostname":"S0OKZTB8R9CLPK6","pid":7360,"level":20,"msg":"Processed: \u001b[35m_posts/2017-08-05-yangshuoyouji/12.JPG\u001b[39m","time":"2019-04-27T12:11:37.280Z","v":0}
{"name":"hexo","hostname":"S0OKZTB8R9CLPK6","pid":7360,"level":20,"msg":"Processed: \u001b[35mapps/dear/source/functions.js\u001b[39m","time":"2019-04-27T12:11:37.281Z","v":0}
{"name":"hexo","hostname":"S0OKZTB8R9CLPK6","pid":7360,"level":20,"msg":"Processed: \u001b[35m_posts/2017-08-05-yangshuoyouji/13.JPG\u001b[39m","time":"2019-04-27T12:11:37.282Z","v":0}
{"name":"hexo","hostname":"S0OKZTB8R9CLPK6","pid":7360,"level":20,"msg":"Processed: \u001b[35mapps/dear/source/jscex-async.min.js\u001b[39m","time":"2019-04-27T12:11:37.283Z","v":0}
{"name":"hexo","hostname":"S0OKZTB8R9CLPK6","pid":7360,"level":20,"msg":"Processed: \u001b[35m_posts/2017-08-05-yangshuoyouji/17.JPG\u001b[39m","time":"2019-04-27T12:11:37.284Z","v":0}
{"name":"hexo","hostname":"S0OKZTB8R9CLPK6","pid":7360,"level":20,"msg":"Processed: \u001b[35mapps/dear/source/jscex-async-powerpack.min.js\u001b[39m","time":"2019-04-27T12:11:37.284Z","v":0}
{"name":"hexo","hostname":"S0OKZTB8R9CLPK6","pid":7360,"level":20,"msg":"Processed: \u001b[35m_posts/2017-08-05-yangshuoyouji/19.JPG\u001b[39m","time":"2019-04-27T12:11:37.285Z","v":0}
{"name":"hexo","hostname":"S0OKZTB8R9CLPK6","pid":7360,"level":20,"msg":"Processed: \u001b[35mapps/dear/source/jscex-jit.js\u001b[39m","time":"2019-04-27T12:11:37.285Z","v":0}
{"name":"hexo","hostname":"S0OKZTB8R9CLPK6","pid":7360,"level":20,"msg":"Processed: \u001b[35m_posts/2017-08-05-yangshuoyouji/7.JPG\u001b[39m","time":"2019-04-27T12:11:37.285Z","v":0}
{"name":"hexo","hostname":"S0OKZTB8R9CLPK6","pid":7360,"level":20,"msg":"Processed: \u001b[35mapps/dear/source/jscex-builderbase.min.js\u001b[39m","time":"2019-04-27T12:11:37.286Z","v":0}
{"name":"hexo","hostname":"S0OKZTB8R9CLPK6","pid":7360,"level":20,"msg":"Processed: \u001b[35m_posts/2017-08-20-xiamen/1.JPG\u001b[39m","time":"2019-04-27T12:11:37.286Z","v":0}
{"name":"hexo","hostname":"S0OKZTB8R9CLPK6","pid":7360,"level":20,"msg":"Processed: \u001b[35mapps/dear/source/jscex-parser.js\u001b[39m","time":"2019-04-27T12:11:37.287Z","v":0}
{"name":"hexo","hostname":"S0OKZTB8R9CLPK6","pid":7360,"level":20,"msg":"Processed: \u001b[35m_posts/2017-08-20-xiamen/11.JPG\u001b[39m","time":"2019-04-27T12:11:37.288Z","v":0}
{"name":"hexo","hostname":"S0OKZTB8R9CLPK6","pid":7360,"level":20,"msg":"Processed: \u001b[35mapps/dear/source/jscex.min.js\u001b[39m","time":"2019-04-27T12:11:37.288Z","v":0}
{"name":"hexo","hostname":"S0OKZTB8R9CLPK6","pid":7360,"level":20,"msg":"Processed: \u001b[35m_posts/2017-09-10-get-data/step2.png\u001b[39m","time":"2019-04-27T12:11:37.289Z","v":0}
{"name":"hexo","hostname":"S0OKZTB8R9CLPK6","pid":7360,"level":20,"msg":"Processed: \u001b[35mapps/pie/graphics.min.js\u001b[39m","time":"2019-04-27T12:11:37.289Z","v":0}
{"name":"hexo","hostname":"S0OKZTB8R9CLPK6","pid":7360,"level":20,"msg":"Processed: \u001b[35mapps/dear/source/love.js\u001b[39m","time":"2019-04-27T12:11:37.289Z","v":0}
{"name":"hexo","hostname":"S0OKZTB8R9CLPK6","pid":7360,"level":20,"msg":"Processed: \u001b[35msource/scripts/main.js\u001b[39m","time":"2019-04-27T12:11:37.289Z","v":0}
{"name":"hexo","hostname":"S0OKZTB8R9CLPK6","pid":7360,"level":20,"msg":"Processed: \u001b[35m_posts/2017-08-05-yangshuoyouji/1.JPG\u001b[39m","time":"2019-04-27T12:11:39.159Z","v":0}
{"name":"hexo","hostname":"S0OKZTB8R9CLPK6","pid":7360,"level":20,"msg":"Processed: \u001b[35mapps/dear/source/jquery.min.js\u001b[39m","time":"2019-04-27T12:11:39.160Z","v":0}
{"name":"hexo","hostname":"S0OKZTB8R9CLPK6","pid":7360,"level":20,"msg":"Processed: \u001b[35msource/intro/index-bg.jpg\u001b[39m","time":"2019-04-27T12:11:39.161Z","v":0}
{"name":"hexo","hostname":"S0OKZTB8R9CLPK6","pid":7360,"level":20,"msg":"Processed: \u001b[35m_posts/2017-08-05-yangshuoyouji/11.JPG\u001b[39m","time":"2019-04-27T12:11:39.161Z","v":0}
{"name":"hexo","hostname":"S0OKZTB8R9CLPK6","pid":7360,"level":20,"msg":"Processed: \u001b[35msource/intro/index-bg1.jpg\u001b[39m","time":"2019-04-27T12:11:39.162Z","v":0}
{"name":"hexo","hostname":"S0OKZTB8R9CLPK6","pid":7360,"level":20,"msg":"Processed: \u001b[35m_posts/2017-08-05-yangshuoyouji/18.JPG\u001b[39m","time":"2019-04-27T12:11:39.162Z","v":0}
{"name":"hexo","hostname":"S0OKZTB8R9CLPK6","pid":7360,"level":20,"msg":"Processed: \u001b[35msource/intro/post-bg.jpg\u001b[39m","time":"2019-04-27T12:11:39.162Z","v":0}
{"name":"hexo","hostname":"S0OKZTB8R9CLPK6","pid":7360,"level":20,"msg":"Processed: \u001b[35m_posts/2017-08-05-yangshuoyouji/2.JPG\u001b[39m","time":"2019-04-27T12:11:39.163Z","v":0}
{"name":"hexo","hostname":"S0OKZTB8R9CLPK6","pid":7360,"level":20,"msg":"Processed: \u001b[35m_posts/2017-08-05-yangshuoyouji/3.JPG\u001b[39m","time":"2019-04-27T12:11:39.163Z","v":0}
{"name":"hexo","hostname":"S0OKZTB8R9CLPK6","pid":7360,"level":20,"msg":"Processed: \u001b[35m_posts/2017-08-05-yangshuoyouji/8.JPG\u001b[39m","time":"2019-04-27T12:11:39.164Z","v":0}
{"name":"hexo","hostname":"S0OKZTB8R9CLPK6","pid":7360,"level":20,"msg":"Processed: \u001b[35m_posts/2017-08-05-yangshuoyouji/9.JPG\u001b[39m","time":"2019-04-27T12:11:39.164Z","v":0}
{"name":"hexo","hostname":"S0OKZTB8R9CLPK6","pid":7360,"level":20,"msg":"Processed: \u001b[35m_posts/2017-08-20-xiamen/10.JPG\u001b[39m","time":"2019-04-27T12:11:39.165Z","v":0}
{"name":"hexo","hostname":"S0OKZTB8R9CLPK6","pid":7360,"level":20,"msg":"Processed: \u001b[35m_posts/2017-08-20-xiamen/12.JPG\u001b[39m","time":"2019-04-27T12:11:39.165Z","v":0}
{"name":"hexo","hostname":"S0OKZTB8R9CLPK6","pid":7360,"level":20,"msg":"Processed: \u001b[35m_posts/2017-08-20-xiamen/14.JPG\u001b[39m","time":"2019-04-27T12:11:39.166Z","v":0}
{"name":"hexo","hostname":"S0OKZTB8R9CLPK6","pid":7360,"level":20,"msg":"Processed: \u001b[35m_posts/2017-08-20-xiamen/16.JPG\u001b[39m","time":"2019-04-27T12:11:39.166Z","v":0}
{"name":"hexo","hostname":"S0OKZTB8R9CLPK6","pid":7360,"level":20,"msg":"Processed: \u001b[35m_posts/2017-08-20-xiamen/17.JPG\u001b[39m","time":"2019-04-27T12:11:39.167Z","v":0}
{"name":"hexo","hostname":"S0OKZTB8R9CLPK6","pid":7360,"level":20,"msg":"Processed: \u001b[35m_posts/2017-08-20-xiamen/2.JPG\u001b[39m","time":"2019-04-27T12:11:39.167Z","v":0}
{"name":"hexo","hostname":"S0OKZTB8R9CLPK6","pid":7360,"level":20,"msg":"Processed: \u001b[35m_posts/2017-08-20-xiamen/4.JPG\u001b[39m","time":"2019-04-27T12:11:39.168Z","v":0}
{"name":"hexo","hostname":"S0OKZTB8R9CLPK6","pid":7360,"level":20,"msg":"Processed: \u001b[35m_posts/2017-08-20-xiamen/8.JPG\u001b[39m","time":"2019-04-27T12:11:39.168Z","v":0}
{"name":"hexo","hostname":"S0OKZTB8R9CLPK6","pid":7360,"level":20,"msg":"Processed: \u001b[35m_posts/2017-08-20-xiamen/9.JPG\u001b[39m","time":"2019-04-27T12:11:39.169Z","v":0}
{"name":"hexo","hostname":"S0OKZTB8R9CLPK6","pid":7360,"level":20,"msg":"Processed: \u001b[35mlayout/_partial/base-background-image.ejs\u001b[39m","time":"2019-04-27T12:11:40.023Z","v":0}
{"name":"hexo","hostname":"S0OKZTB8R9CLPK6","pid":7360,"level":20,"msg":"Processed: \u001b[35mlayout/_partial/base-head.ejs\u001b[39m","time":"2019-04-27T12:11:40.024Z","v":0}
{"name":"hexo","hostname":"S0OKZTB8R9CLPK6","pid":7360,"level":20,"msg":"Processed: \u001b[35mlayout/_partial/base-footer.ejs\u001b[39m","time":"2019-04-27T12:11:40.024Z","v":0}
{"name":"hexo","hostname":"S0OKZTB8R9CLPK6","pid":7360,"level":20,"msg":"Processed: \u001b[35mlayout/_partial/base-preload-polyfill.ejs\u001b[39m","time":"2019-04-27T12:11:40.024Z","v":0}
{"name":"hexo","hostname":"S0OKZTB8R9CLPK6","pid":7360,"level":20,"msg":"Processed: \u001b[35mlayout/_partial/base-header.ejs\u001b[39m","time":"2019-04-27T12:11:40.024Z","v":0}
{"name":"hexo","hostname":"S0OKZTB8R9CLPK6","pid":7360,"level":20,"msg":"Processed: \u001b[35mlayout/_partial/base-social.ejs\u001b[39m","time":"2019-04-27T12:11:40.024Z","v":0}
{"name":"hexo","hostname":"S0OKZTB8R9CLPK6","pid":7360,"level":20,"msg":"Processed: \u001b[35mlayout/_partial/base-profile.ejs\u001b[39m","time":"2019-04-27T12:11:40.025Z","v":0}
{"name":"hexo","hostname":"S0OKZTB8R9CLPK6","pid":7360,"level":20,"msg":"Processed: \u001b[35mlayout/_partial/base-share.ejs\u001b[39m","time":"2019-04-27T12:11:40.025Z","v":0}
{"name":"hexo","hostname":"S0OKZTB8R9CLPK6","pid":7360,"level":20,"msg":"Processed: \u001b[35mlayout/_partial/base-title-tags.ejs\u001b[39m","time":"2019-04-27T12:11:40.025Z","v":0}
{"name":"hexo","hostname":"S0OKZTB8R9CLPK6","pid":7360,"level":20,"msg":"Processed: \u001b[35mlayout/_partial/intro-height.ejs\u001b[39m","time":"2019-04-27T12:11:40.025Z","v":0}
{"name":"hexo","hostname":"S0OKZTB8R9CLPK6","pid":7360,"level":20,"msg":"Processed: \u001b[35m_posts/2017-08-05-yangshuoyouji/16.JPG\u001b[39m","time":"2019-04-27T12:11:40.126Z","v":0}
{"name":"hexo","hostname":"S0OKZTB8R9CLPK6","pid":7360,"level":20,"msg":"Processed: \u001b[35msource/intro/about-bg.jpg\u001b[39m","time":"2019-04-27T12:11:40.128Z","v":0}
{"name":"hexo","hostname":"S0OKZTB8R9CLPK6","pid":7360,"level":20,"msg":"Processed: \u001b[35m_posts/2017-08-05-yangshuoyouji/15.JPG\u001b[39m","time":"2019-04-27T12:11:40.131Z","v":0}
{"name":"hexo","hostname":"S0OKZTB8R9CLPK6","pid":7360,"level":20,"msg":"Processed: \u001b[35msource/intro/index-bg3.jpg\u001b[39m","time":"2019-04-27T12:11:40.132Z","v":0}
{"name":"hexo","hostname":"S0OKZTB8R9CLPK6","pid":7360,"level":20,"msg":"Processed: \u001b[35m_posts/2017-08-05-yangshuoyouji/4.JPG\u001b[39m","time":"2019-04-27T12:11:40.133Z","v":0}
{"name":"hexo","hostname":"S0OKZTB8R9CLPK6","pid":7360,"level":20,"msg":"Processed: \u001b[35m_posts/2017-08-05-yangshuoyouji/5.JPG\u001b[39m","time":"2019-04-27T12:11:40.135Z","v":0}
{"name":"hexo","hostname":"S0OKZTB8R9CLPK6","pid":7360,"level":20,"msg":"Processed: \u001b[35m_posts/2017-08-20-xiamen/13.JPG\u001b[39m","time":"2019-04-27T12:11:40.136Z","v":0}
{"name":"hexo","hostname":"S0OKZTB8R9CLPK6","pid":7360,"level":20,"msg":"Processed: \u001b[35m_posts/2017-08-20-xiamen/5.JPG\u001b[39m","time":"2019-04-27T12:11:40.137Z","v":0}
{"name":"hexo","hostname":"S0OKZTB8R9CLPK6","pid":7360,"level":20,"msg":"Processed: \u001b[35m_posts/2017-08-20-xiamen/6.JPG\u001b[39m","time":"2019-04-27T12:11:40.138Z","v":0}
{"name":"hexo","hostname":"S0OKZTB8R9CLPK6","pid":7360,"level":20,"msg":"Processed: \u001b[35m_posts/2017-08-20-xiamen/7.JPG\u001b[39m","time":"2019-04-27T12:11:40.138Z","v":0}
{"name":"hexo","hostname":"S0OKZTB8R9CLPK6","pid":7360,"level":20,"msg":"Processed: \u001b[35m_posts/2017-08-05-yangshuoyouji/14.JPG\u001b[39m","time":"2019-04-27T12:11:40.139Z","v":0}
{"name":"hexo","hostname":"S0OKZTB8R9CLPK6","pid":7360,"level":20,"msg":"Processed: \u001b[35m_posts/2017-08-05-yangshuoyouji/6.JPG\u001b[39m","time":"2019-04-27T12:11:41.139Z","v":0}
{"name":"hexo","hostname":"S0OKZTB8R9CLPK6","pid":7360,"level":20,"msg":"Processed: \u001b[35mlayout/_partial/comment/changyan.ejs\u001b[39m","time":"2019-04-27T12:11:41.578Z","v":0}
{"name":"hexo","hostname":"S0OKZTB8R9CLPK6","pid":7360,"level":20,"msg":"Processed: \u001b[35mlayout/_partial/comment/disqus.ejs\u001b[39m","time":"2019-04-27T12:11:41.579Z","v":0}
{"name":"hexo","hostname":"S0OKZTB8R9CLPK6","pid":7360,"level":20,"msg":"Processed: \u001b[35mlayout/_partial/comment/livere.ejs\u001b[39m","time":"2019-04-27T12:11:41.579Z","v":0}
{"name":"hexo","hostname":"S0OKZTB8R9CLPK6","pid":7360,"level":20,"msg":"Processed: \u001b[35mlayout/_partial/comment/gitment.ejs\u001b[39m","time":"2019-04-27T12:11:41.579Z","v":0}
{"name":"hexo","hostname":"S0OKZTB8R9CLPK6","pid":7360,"level":20,"msg":"Processed: \u001b[35mlayout/_partial/comment/youyan.ejs\u001b[39m","time":"2019-04-27T12:11:41.580Z","v":0}
{"name":"hexo","hostname":"S0OKZTB8R9CLPK6","pid":7360,"level":20,"msg":"Processed: \u001b[35mlayout/_partial/critical-css/critical-style.ejs\u001b[39m","time":"2019-04-27T12:11:41.580Z","v":0}
{"name":"hexo","hostname":"S0OKZTB8R9CLPK6","pid":7360,"level":20,"msg":"Processed: \u001b[35mlayout/_partial/script/font-loader.ejs\u001b[39m","time":"2019-04-27T12:11:41.580Z","v":0}
{"name":"hexo","hostname":"S0OKZTB8R9CLPK6","pid":7360,"level":20,"msg":"Processed: \u001b[35mlayout/_partial/sidebar/sidebar-archives.ejs\u001b[39m","time":"2019-04-27T12:11:41.580Z","v":0}
{"name":"hexo","hostname":"S0OKZTB8R9CLPK6","pid":7360,"level":20,"msg":"Processed: \u001b[35mlayout/_partial/sidebar/sidebar-categories.ejs\u001b[39m","time":"2019-04-27T12:11:41.580Z","v":0}
{"name":"hexo","hostname":"S0OKZTB8R9CLPK6","pid":7360,"level":20,"msg":"Processed: \u001b[35mlayout/_partial/sidebar/base-sidebar.ejs\u001b[39m","time":"2019-04-27T12:11:41.580Z","v":0}
{"name":"hexo","hostname":"S0OKZTB8R9CLPK6","pid":7360,"level":20,"msg":"Processed: \u001b[35mlayout/_partial/sidebar/sidebar-tags.ejs\u001b[39m","time":"2019-04-27T12:11:41.581Z","v":0}
{"name":"hexo","hostname":"S0OKZTB8R9CLPK6","pid":7360,"level":20,"msg":"Processed: \u001b[35m_posts/2017-08-20-xiamen/15.JPG\u001b[39m","time":"2019-04-27T12:11:41.597Z","v":0}
{"name":"hexo","hostname":"S0OKZTB8R9CLPK6","pid":7360,"level":20,"msg":"Processed: \u001b[35msource/intro/index-bg2.jpg\u001b[39m","time":"2019-04-27T12:11:44.500Z","v":0}
{"name":"hexo","hostname":"S0OKZTB8R9CLPK6","pid":7360,"level":20,"msg":"Processed: \u001b[35mlayout/_partial/comment/custom.ejs\u001b[39m","time":"2019-04-27T12:11:46.495Z","v":0}
{"name":"hexo","hostname":"S0OKZTB8R9CLPK6","pid":7360,"level":20,"msg":"Processed: \u001b[35mapps/dear/Love-Music.mp3\u001b[39m","time":"2019-04-27T12:11:54.377Z","v":0}
{"name":"hexo","hostname":"S0OKZTB8R9CLPK6","pid":896,"level":20,"msg":"Hexo version: \u001b[35m3.3.0\u001b[39m","time":"2019-04-27T15:53:39.389Z","v":0}
{"name":"hexo","hostname":"S0OKZTB8R9CLPK6","pid":896,"level":20,"msg":"Working directory: \u001b[35mE:\\miniwa.blog\\miniwa-src\\\u001b[39m","time":"2019-04-27T15:53:39.390Z","v":0}
{"name":"hexo","hostname":"S0OKZTB8R9CLPK6","pid":896,"level":20,"msg":"Config loaded: \u001b[35mE:\\miniwa.blog\\miniwa-src\\_config.yml\u001b[39m","time":"2019-04-27T15:53:39.618Z","v":0}
{"name":"hexo","hostname":"S0OKZTB8R9CLPK6","pid":896,"level":20,"msg":"Plugin loaded: \u001b[35mhexo-deployer-git\u001b[39m","time":"2019-04-27T15:53:39.722Z","v":0}
{"name":"hexo","hostname":"S0OKZTB8R9CLPK6","pid":896,"level":20,"msg":"Plugin loaded: \u001b[35mhexo-filter-highlight\u001b[39m","time":"2019-04-27T15:53:39.725Z","v":0}
{"name":"hexo","hostname":"S0OKZTB8R9CLPK6","pid":896,"level":20,"msg":"Plugin loaded: \u001b[35mhexo-generator-archive\u001b[39m","time":"2019-04-27T15:53:39.743Z","v":0}
{"name":"hexo","hostname":"S0OKZTB8R9CLPK6","pid":896,"level":20,"msg":"Plugin loaded: \u001b[35mhexo-baidu-url-submit\u001b[39m","time":"2019-04-27T15:53:39.766Z","v":0}
{"name":"hexo","hostname":"S0OKZTB8R9CLPK6","pid":896,"level":20,"msg":"Plugin loaded: \u001b[35mhexo-generator-category\u001b[39m","time":"2019-04-27T15:53:39.770Z","v":0}
{"name":"hexo","hostname":"S0OKZTB8R9CLPK6","pid":896,"level":20,"msg":"Plugin loaded: \u001b[35mhexo-generator-index\u001b[39m","time":"2019-04-27T15:53:39.773Z","v":0}
{"name":"hexo","hostname":"S0OKZTB8R9CLPK6","pid":896,"level":20,"msg":"Plugin loaded: \u001b[35mhexo-generator-tag\u001b[39m","time":"2019-04-27T15:53:39.776Z","v":0}
{"name":"hexo","hostname":"S0OKZTB8R9CLPK6","pid":896,"level":20,"msg":"Plugin loaded: \u001b[35mhexo-renderer-ejs\u001b[39m","time":"2019-04-27T15:53:39.782Z","v":0}
{"name":"hexo","hostname":"S0OKZTB8R9CLPK6","pid":896,"level":20,"msg":"Plugin loaded: \u001b[35mhexo-asset-image\u001b[39m","time":"2019-04-27T15:53:39.935Z","v":0}
{"name":"hexo","hostname":"S0OKZTB8R9CLPK6","pid":896,"level":20,"msg":"Plugin loaded: \u001b[35mhexo-renderer-stylus\u001b[39m","time":"2019-04-27T15:53:39.937Z","v":0}
{"name":"hexo","hostname":"S0OKZTB8R9CLPK6","pid":896,"level":20,"msg":"Plugin loaded: \u001b[35mhexo-generator-json-content\u001b[39m","time":"2019-04-27T15:53:40.029Z","v":0}
{"name":"hexo","hostname":"S0OKZTB8R9CLPK6","pid":896,"level":20,"msg":"Plugin loaded: \u001b[35mhexo-renderer-marked\u001b[39m","time":"2019-04-27T15:53:40.040Z","v":0}
{"name":"hexo","hostname":"S0OKZTB8R9CLPK6","pid":896,"level":20,"msg":"Plugin loaded: \u001b[35mhexo-server\u001b[39m","time":"2019-04-27T15:53:40.230Z","v":0}
{"name":"hexo","hostname":"S0OKZTB8R9CLPK6","pid":896,"level":20,"msg":"Plugin loaded: \u001b[35mhexo-wordcount\u001b[39m","time":"2019-04-27T15:53:40.285Z","v":0}
{"name":"hexo","hostname":"S0OKZTB8R9CLPK6","pid":896,"level":20,"msg":"Plugin loaded: \u001b[35mhexo-fs\u001b[39m","time":"2019-04-27T15:53:40.358Z","v":0}
{"name":"hexo","hostname":"S0OKZTB8R9CLPK6","pid":896,"level":20,"msg":"Loading database.","time":"2019-04-27T15:53:40.365Z","v":0}
{"name":"hexo","hostname":"S0OKZTB8R9CLPK6","pid":896,"level":30,"msg":"Start processing","time":"2019-04-27T15:53:41.081Z","v":0}
{"name":"hexo","hostname":"S0OKZTB8R9CLPK6","pid":896,"level":20,"msg":"Processed: \u001b[35mCNAME\u001b[39m","time":"2019-04-27T15:53:44.140Z","v":0}
{"name":"hexo","hostname":"S0OKZTB8R9CLPK6","pid":896,"level":20,"msg":"Processed: \u001b[35m_posts/2015-09-20-seajs-source.markdown\u001b[39m","time":"2019-04-27T15:53:54.577Z","v":0}
{"name":"hexo","hostname":"S0OKZTB8R9CLPK6","pid":896,"level":20,"msg":"Processed: \u001b[35m_posts/2015-10-10-backbone.markdown\u001b[39m","time":"2019-04-27T15:53:54.580Z","v":0}
{"name":"hexo","hostname":"S0OKZTB8R9CLPK6","pid":896,"level":20,"msg":"Processed: \u001b[35m_posts/2015-09-12-js-base-extend.markdown\u001b[39m","time":"2019-04-27T15:53:54.580Z","v":0}
{"name":"hexo","hostname":"S0OKZTB8R9CLPK6","pid":896,"level":20,"msg":"Processed: \u001b[35m_posts/2015-09-25-shadow-dom.markdown\u001b[39m","time":"2019-04-27T15:53:54.580Z","v":0}
{"name":"hexo","hostname":"S0OKZTB8R9CLPK6","pid":896,"level":20,"msg":"Processed: \u001b[35m_posts/2015-12-05-css-center.markdown\u001b[39m","time":"2019-04-27T15:53:54.581Z","v":0}
{"name":"hexo","hostname":"S0OKZTB8R9CLPK6","pid":896,"level":20,"msg":"Processed: \u001b[35m_posts/2015-11-6-reback-js.markdown\u001b[39m","time":"2019-04-27T15:53:54.581Z","v":0}
{"name":"hexo","hostname":"S0OKZTB8R9CLPK6","pid":896,"level":20,"msg":"Processed: \u001b[35m_posts/2016-04-10-react-resume.markdown\u001b[39m","time":"2019-04-27T15:53:54.581Z","v":0}
{"name":"hexo","hostname":"S0OKZTB8R9CLPK6","pid":896,"level":20,"msg":"Processed: \u001b[35m_posts/2016-06-08-pie.markdown\u001b[39m","time":"2019-04-27T15:53:54.581Z","v":0}
{"name":"hexo","hostname":"S0OKZTB8R9CLPK6","pid":896,"level":20,"msg":"Processed: \u001b[35m_posts/2016-06-08-javascript-template.markdown\u001b[39m","time":"2019-04-27T15:53:54.582Z","v":0}
{"name":"hexo","hostname":"S0OKZTB8R9CLPK6","pid":896,"level":20,"msg":"Processed: \u001b[35m_posts/2016-04-12-node-npm.markdown\u001b[39m","time":"2019-04-27T15:53:54.582Z","v":0}
{"name":"hexo","hostname":"S0OKZTB8R9CLPK6","pid":896,"level":20,"msg":"Processed: \u001b[35m_posts/2017-08-05-yangshuoyouji.markdown\u001b[39m","time":"2019-04-27T15:53:54.582Z","v":0}
{"name":"hexo","hostname":"S0OKZTB8R9CLPK6","pid":896,"level":20,"msg":"Processed: \u001b[35m_posts/2017-09-01-vuex-base.markdown\u001b[39m","time":"2019-04-27T15:53:54.583Z","v":0}
{"name":"hexo","hostname":"S0OKZTB8R9CLPK6","pid":896,"level":20,"msg":"Processed: \u001b[35m_posts/2017-09-09-about-es6.markdown\u001b[39m","time":"2019-04-27T15:53:54.583Z","v":0}
{"name":"hexo","hostname":"S0OKZTB8R9CLPK6","pid":896,"level":20,"msg":"Processed: \u001b[35m_posts/2017-08-18-vue-router.markdown\u001b[39m","time":"2019-04-27T15:53:54.583Z","v":0}
{"name":"hexo","hostname":"S0OKZTB8R9CLPK6","pid":896,"level":20,"msg":"Processed: \u001b[35m_posts/2017-08-20-xiamen.markdown\u001b[39m","time":"2019-04-27T15:53:54.583Z","v":0}
{"name":"hexo","hostname":"S0OKZTB8R9CLPK6","pid":896,"level":20,"msg":"Processed: \u001b[35mabout/index.md\u001b[39m","time":"2019-04-27T15:53:54.583Z","v":0}
{"name":"hexo","hostname":"S0OKZTB8R9CLPK6","pid":896,"level":20,"msg":"Processed: \u001b[35mapps/logo.png\u001b[39m","time":"2019-04-27T15:53:54.584Z","v":0}
{"name":"hexo","hostname":"S0OKZTB8R9CLPK6","pid":896,"level":20,"msg":"Processed: \u001b[35m_posts/2017-09-10-get-data.markdown\u001b[39m","time":"2019-04-27T15:53:55.057Z","v":0}
{"name":"hexo","hostname":"S0OKZTB8R9CLPK6","pid":896,"level":20,"msg":"Processed: \u001b[35m_posts/2018-02-14-egg-validate.md\u001b[39m","time":"2019-04-27T15:53:55.058Z","v":0}
{"name":"hexo","hostname":"S0OKZTB8R9CLPK6","pid":896,"level":20,"msg":"Processed: \u001b[35m_posts/2018-02-19-chongsheng.md\u001b[39m","time":"2019-04-27T15:53:55.058Z","v":0}
{"name":"hexo","hostname":"S0OKZTB8R9CLPK6","pid":896,"level":20,"msg":"Processed: \u001b[35msource/assets/example_qr.png\u001b[39m","time":"2019-04-27T15:54:01.849Z","v":0}
{"name":"hexo","hostname":"S0OKZTB8R9CLPK6","pid":896,"level":20,"msg":"Processed: \u001b[35msource/assets/favicon.ico\u001b[39m","time":"2019-04-27T15:54:01.854Z","v":0}
{"name":"hexo","hostname":"S0OKZTB8R9CLPK6","pid":896,"level":20,"msg":"Processed: \u001b[35msource/assets/loading.svg\u001b[39m","time":"2019-04-27T15:54:01.856Z","v":0}
{"name":"hexo","hostname":"S0OKZTB8R9CLPK6","pid":896,"level":20,"msg":"Processed: \u001b[35msource/avatar/logo.png\u001b[39m","time":"2019-04-27T15:54:01.857Z","v":0}
{"name":"hexo","hostname":"S0OKZTB8R9CLPK6","pid":896,"level":20,"msg":"Processed: \u001b[35msource/css/style.css\u001b[39m","time":"2019-04-27T15:54:01.864Z","v":0}
{"name":"hexo","hostname":"S0OKZTB8R9CLPK6","pid":896,"level":20,"msg":"Processed: \u001b[35msource/css/mobile.css\u001b[39m","time":"2019-04-27T15:54:01.870Z","v":0}
{"name":"hexo","hostname":"S0OKZTB8R9CLPK6","pid":896,"level":20,"msg":"Processed: \u001b[35msource/font/Source Sans Pro.woff2\u001b[39m","time":"2019-04-27T15:54:01.871Z","v":0}
{"name":"hexo","hostname":"S0OKZTB8R9CLPK6","pid":896,"level":20,"msg":"Processed: \u001b[35msource/font/Source Sans Pro.woff\u001b[39m","time":"2019-04-27T15:54:01.875Z","v":0}
{"name":"hexo","hostname":"S0OKZTB8R9CLPK6","pid":896,"level":20,"msg":"Processed: \u001b[35msource/intro/index.js\u001b[39m","time":"2019-04-27T15:54:01.879Z","v":0}
{"name":"hexo","hostname":"S0OKZTB8R9CLPK6","pid":896,"level":20,"msg":"Processed: \u001b[35msource/assets/site.ico\u001b[39m","time":"2019-04-27T15:54:01.885Z","v":0}
{"name":"hexo","hostname":"S0OKZTB8R9CLPK6","pid":896,"level":20,"msg":"Processed: \u001b[35msource/lib/webfontloader.min.js\u001b[39m","time":"2019-04-27T15:54:01.886Z","v":0}
{"name":"hexo","hostname":"S0OKZTB8R9CLPK6","pid":896,"level":20,"msg":"Processed: \u001b[35msource/scripts/share.js\u001b[39m","time":"2019-04-27T15:54:01.888Z","v":0}
{"name":"hexo","hostname":"S0OKZTB8R9CLPK6","pid":896,"level":20,"msg":"Theme config loaded.","time":"2019-04-27T15:54:12.328Z","v":0}
{"name":"hexo","hostname":"S0OKZTB8R9CLPK6","pid":896,"level":20,"msg":"Processed: \u001b[35m_config.yml\u001b[39m","time":"2019-04-27T15:54:12.340Z","v":0}
{"name":"hexo","hostname":"S0OKZTB8R9CLPK6","pid":896,"level":20,"msg":"Processed: \u001b[35msource/font/Oswald-Regular.ttf\u001b[39m","time":"2019-04-27T15:54:12.341Z","v":0}
{"name":"hexo","hostname":"S0OKZTB8R9CLPK6","pid":896,"level":20,"msg":"Processed: \u001b[35msource/font/SourceCodePro-Regular.ttf.woff2\u001b[39m","time":"2019-04-27T15:54:12.341Z","v":0}
{"name":"hexo","hostname":"S0OKZTB8R9CLPK6","pid":896,"level":20,"msg":"Processed: \u001b[35msource/font/SourceCodePro-Regular.ttf.woff\u001b[39m","time":"2019-04-27T15:54:12.342Z","v":0}
{"name":"hexo","hostname":"S0OKZTB8R9CLPK6","pid":896,"level":20,"msg":"Processed: \u001b[35msource/intro/404-bg.jpg\u001b[39m","time":"2019-04-27T15:54:12.342Z","v":0}
{"name":"hexo","hostname":"S0OKZTB8R9CLPK6","pid":896,"level":20,"msg":"Processed: \u001b[35msource/lib/jquery.min.js\u001b[39m","time":"2019-04-27T15:54:12.342Z","v":0}
{"name":"hexo","hostname":"S0OKZTB8R9CLPK6","pid":896,"level":20,"msg":"Processed: \u001b[35msource/scripts/main.js\u001b[39m","time":"2019-04-27T15:54:21.564Z","v":0}
{"name":"hexo","hostname":"S0OKZTB8R9CLPK6","pid":896,"level":20,"msg":"Processed: \u001b[35m_posts/2017-09-09-about-es6/about-es6.jpg\u001b[39m","time":"2019-04-27T15:54:37.488Z","v":0}
{"name":"hexo","hostname":"S0OKZTB8R9CLPK6","pid":896,"level":20,"msg":"Processed: \u001b[35mapps/canvas-dice/README.md\u001b[39m","time":"2019-04-27T15:54:37.489Z","v":0}
{"name":"hexo","hostname":"S0OKZTB8R9CLPK6","pid":896,"level":20,"msg":"Processed: \u001b[35m_posts/2017-09-10-get-data/step1.png\u001b[39m","time":"2019-04-27T15:54:37.491Z","v":0}
{"name":"hexo","hostname":"S0OKZTB8R9CLPK6","pid":896,"level":20,"msg":"Processed: \u001b[35mapps/canvas-dice/index.html\u001b[39m","time":"2019-04-27T15:54:37.491Z","v":0}
{"name":"hexo","hostname":"S0OKZTB8R9CLPK6","pid":896,"level":20,"msg":"Processed: \u001b[35m_posts/2017-09-10-get-data/step3.png\u001b[39m","time":"2019-04-27T15:54:37.492Z","v":0}
{"name":"hexo","hostname":"S0OKZTB8R9CLPK6","pid":896,"level":20,"msg":"Processed: \u001b[35mapps/dear/index.html\u001b[39m","time":"2019-04-27T15:54:37.493Z","v":0}
{"name":"hexo","hostname":"S0OKZTB8R9CLPK6","pid":896,"level":20,"msg":"Processed: \u001b[35m_posts/2017-09-10-get-data/step4.png\u001b[39m","time":"2019-04-27T15:54:37.493Z","v":0}
{"name":"hexo","hostname":"S0OKZTB8R9CLPK6","pid":896,"level":20,"msg":"Processed: \u001b[35mapps/canvas-dice/index.js\u001b[39m","time":"2019-04-27T15:54:37.493Z","v":0}
{"name":"hexo","hostname":"S0OKZTB8R9CLPK6","pid":896,"level":20,"msg":"Processed: \u001b[35mapps/pie/index.html\u001b[39m","time":"2019-04-27T15:54:37.494Z","v":0}
{"name":"hexo","hostname":"S0OKZTB8R9CLPK6","pid":896,"level":20,"msg":"Processed: \u001b[35mapps/dear/source/jscex-builderbase.min.js\u001b[39m","time":"2019-04-27T15:54:37.494Z","v":0}
{"name":"hexo","hostname":"S0OKZTB8R9CLPK6","pid":896,"level":20,"msg":"Processed: \u001b[35mapps/pie/graphics.min.js\u001b[39m","time":"2019-04-27T15:54:37.495Z","v":0}
{"name":"hexo","hostname":"S0OKZTB8R9CLPK6","pid":896,"level":20,"msg":"Processed: \u001b[35msource/intro/index-bg1.jpg\u001b[39m","time":"2019-04-27T15:54:37.495Z","v":0}
{"name":"hexo","hostname":"S0OKZTB8R9CLPK6","pid":896,"level":20,"msg":"Processed: \u001b[35msource/intro/post-bg.jpg\u001b[39m","time":"2019-04-27T15:54:37.496Z","v":0}
{"name":"hexo","hostname":"S0OKZTB8R9CLPK6","pid":896,"level":20,"msg":"Processed: \u001b[35msource/intro/index-bg.jpg\u001b[39m","time":"2019-04-27T15:54:37.496Z","v":0}
{"name":"hexo","hostname":"S0OKZTB8R9CLPK6","pid":8584,"level":20,"msg":"Hexo version: \u001b[35m3.3.0\u001b[39m","time":"2019-04-27T15:59:24.179Z","v":0}
{"name":"hexo","hostname":"S0OKZTB8R9CLPK6","pid":8584,"level":20,"msg":"Working directory: \u001b[35mE:\\miniwa.blog\\miniwa-src\\\u001b[39m","time":"2019-04-27T15:59:24.180Z","v":0}
{"name":"hexo","hostname":"S0OKZTB8R9CLPK6","pid":8584,"level":20,"msg":"Config loaded: \u001b[35mE:\\miniwa.blog\\miniwa-src\\_config.yml\u001b[39m","time":"2019-04-27T15:59:24.319Z","v":0}
{"name":"hexo","hostname":"S0OKZTB8R9CLPK6","pid":8584,"level":20,"msg":"Plugin loaded: \u001b[35mhexo-asset-image\u001b[39m","time":"2019-04-27T15:59:24.413Z","v":0}
{"name":"hexo","hostname":"S0OKZTB8R9CLPK6","pid":8584,"level":20,"msg":"Plugin loaded: \u001b[35mhexo-deployer-git\u001b[39m","time":"2019-04-27T15:59:24.423Z","v":0}
{"name":"hexo","hostname":"S0OKZTB8R9CLPK6","pid":8584,"level":20,"msg":"Plugin loaded: \u001b[35mhexo-filter-highlight\u001b[39m","time":"2019-04-27T15:59:24.425Z","v":0}
{"name":"hexo","hostname":"S0OKZTB8R9CLPK6","pid":8584,"level":20,"msg":"Plugin loaded: \u001b[35mhexo-baidu-url-submit\u001b[39m","time":"2019-04-27T15:59:24.428Z","v":0}
{"name":"hexo","hostname":"S0OKZTB8R9CLPK6","pid":8584,"level":20,"msg":"Plugin loaded: \u001b[35mhexo-generator-category\u001b[39m","time":"2019-04-27T15:59:24.432Z","v":0}
{"name":"hexo","hostname":"S0OKZTB8R9CLPK6","pid":8584,"level":20,"msg":"Plugin loaded: \u001b[35mhexo-generator-archive\u001b[39m","time":"2019-04-27T15:59:24.435Z","v":0}
{"name":"hexo","hostname":"S0OKZTB8R9CLPK6","pid":8584,"level":20,"msg":"Plugin loaded: \u001b[35mhexo-generator-index\u001b[39m","time":"2019-04-27T15:59:24.438Z","v":0}
{"name":"hexo","hostname":"S0OKZTB8R9CLPK6","pid":8584,"level":20,"msg":"Plugin loaded: \u001b[35mhexo-generator-tag\u001b[39m","time":"2019-04-27T15:59:24.440Z","v":0}
{"name":"hexo","hostname":"S0OKZTB8R9CLPK6","pid":8584,"level":20,"msg":"Plugin loaded: \u001b[35mhexo-generator-json-content\u001b[39m","time":"2019-04-27T15:59:24.491Z","v":0}
{"name":"hexo","hostname":"S0OKZTB8R9CLPK6","pid":8584,"level":20,"msg":"Plugin loaded: \u001b[35mhexo-fs\u001b[39m","time":"2019-04-27T15:59:24.516Z","v":0}
{"name":"hexo","hostname":"S0OKZTB8R9CLPK6","pid":8584,"level":20,"msg":"Plugin loaded: \u001b[35mhexo-renderer-ejs\u001b[39m","time":"2019-04-27T15:59:24.521Z","v":0}
{"name":"hexo","hostname":"S0OKZTB8R9CLPK6","pid":8584,"level":20,"msg":"Plugin loaded: \u001b[35mhexo-renderer-marked\u001b[39m","time":"2019-04-27T15:59:24.528Z","v":0}
{"name":"hexo","hostname":"S0OKZTB8R9CLPK6","pid":8584,"level":20,"msg":"Plugin loaded: \u001b[35mhexo-renderer-stylus\u001b[39m","time":"2019-04-27T15:59:24.529Z","v":0}
{"name":"hexo","hostname":"S0OKZTB8R9CLPK6","pid":8584,"level":20,"msg":"Plugin loaded: \u001b[35mhexo-server\u001b[39m","time":"2019-04-27T15:59:24.620Z","v":0}
{"name":"hexo","hostname":"S0OKZTB8R9CLPK6","pid":8584,"level":20,"msg":"Plugin loaded: \u001b[35mhexo-wordcount\u001b[39m","time":"2019-04-27T15:59:24.639Z","v":0}
{"name":"hexo","hostname":"S0OKZTB8R9CLPK6","pid":8584,"level":20,"msg":"Loading database.","time":"2019-04-27T15:59:24.641Z","v":0}
{"name":"hexo","hostname":"S0OKZTB8R9CLPK6","pid":8584,"level":30,"msg":"Start processing","time":"2019-04-27T15:59:24.648Z","v":0}
{"name":"hexo","hostname":"S0OKZTB8R9CLPK6","pid":8584,"level":20,"msg":"Processed: \u001b[35mCNAME\u001b[39m","time":"2019-04-27T15:59:24.784Z","v":0}
{"name":"hexo","hostname":"S0OKZTB8R9CLPK6","pid":8584,"level":20,"msg":"Processed: \u001b[35mapps/logo.png\u001b[39m","time":"2019-04-27T15:59:27.266Z","v":0}
{"name":"hexo","hostname":"S0OKZTB8R9CLPK6","pid":8584,"level":20,"msg":"Theme config loaded.","time":"2019-04-27T15:59:31.562Z","v":0}
{"name":"hexo","hostname":"S0OKZTB8R9CLPK6","pid":8584,"level":20,"msg":"Processed: \u001b[35m_config.yml\u001b[39m","time":"2019-04-27T15:59:31.563Z","v":0}
{"name":"hexo","hostname":"S0OKZTB8R9CLPK6","pid":8584,"level":20,"msg":"Processed: \u001b[35m_posts/2017-09-09-about-es6/about-es6.jpg\u001b[39m","time":"2019-04-27T15:59:31.563Z","v":0}
{"name":"hexo","hostname":"S0OKZTB8R9CLPK6","pid":8584,"level":20,"msg":"Processed: \u001b[35m_posts/2017-09-10-get-data/step1.png\u001b[39m","time":"2019-04-27T15:59:31.563Z","v":0}
{"name":"hexo","hostname":"S0OKZTB8R9CLPK6","pid":8584,"level":20,"msg":"Processed: \u001b[35m_posts/2017-09-10-get-data/step3.png\u001b[39m","time":"2019-04-27T15:59:31.564Z","v":0}
{"name":"hexo","hostname":"S0OKZTB8R9CLPK6","pid":8584,"level":20,"msg":"Processed: \u001b[35m_posts/2017-09-10-get-data/step4.png\u001b[39m","time":"2019-04-27T15:59:31.565Z","v":0}
{"name":"hexo","hostname":"S0OKZTB8R9CLPK6","pid":8584,"level":20,"msg":"Processed: \u001b[35mapps/canvas-dice/README.md\u001b[39m","time":"2019-04-27T15:59:31.575Z","v":0}
{"name":"hexo","hostname":"S0OKZTB8R9CLPK6","pid":8584,"level":20,"msg":"Processed: \u001b[35mapps/canvas-dice/index.html\u001b[39m","time":"2019-04-27T15:59:31.577Z","v":0}
{"name":"hexo","hostname":"S0OKZTB8R9CLPK6","pid":8584,"level":20,"msg":"Processed: \u001b[35mapps/canvas-dice/index.js\u001b[39m","time":"2019-04-27T15:59:31.578Z","v":0}
{"name":"hexo","hostname":"S0OKZTB8R9CLPK6","pid":8584,"level":20,"msg":"Processed: \u001b[35mapps/dear/index.html\u001b[39m","time":"2019-04-27T15:59:31.578Z","v":0}
{"name":"hexo","hostname":"S0OKZTB8R9CLPK6","pid":8584,"level":20,"msg":"Processed: \u001b[35mapps/pie/index.html\u001b[39m","time":"2019-04-27T15:59:31.579Z","v":0}
{"name":"hexo","hostname":"S0OKZTB8R9CLPK6","pid":8584,"level":20,"msg":"Processed: \u001b[35msource/assets/example_qr.png\u001b[39m","time":"2019-04-27T15:59:31.581Z","v":0}
{"name":"hexo","hostname":"S0OKZTB8R9CLPK6","pid":8584,"level":20,"msg":"Processed: \u001b[35msource/assets/favicon.ico\u001b[39m","time":"2019-04-27T15:59:31.582Z","v":0}
{"name":"hexo","hostname":"S0OKZTB8R9CLPK6","pid":8584,"level":20,"msg":"Processed: \u001b[35msource/assets/site.ico\u001b[39m","time":"2019-04-27T15:59:31.583Z","v":0}
{"name":"hexo","hostname":"S0OKZTB8R9CLPK6","pid":8584,"level":20,"msg":"Processed: \u001b[35msource/assets/loading.svg\u001b[39m","time":"2019-04-27T15:59:31.585Z","v":0}
{"name":"hexo","hostname":"S0OKZTB8R9CLPK6","pid":8584,"level":20,"msg":"Processed: \u001b[35msource/avatar/logo.png\u001b[39m","time":"2019-04-27T15:59:31.586Z","v":0}
{"name":"hexo","hostname":"S0OKZTB8R9CLPK6","pid":8584,"level":20,"msg":"Processed: \u001b[35msource/css/mobile.css\u001b[39m","time":"2019-04-27T15:59:31.587Z","v":0}
{"name":"hexo","hostname":"S0OKZTB8R9CLPK6","pid":8584,"level":20,"msg":"Processed: \u001b[35msource/css/style.css\u001b[39m","time":"2019-04-27T15:59:31.588Z","v":0}
{"name":"hexo","hostname":"S0OKZTB8R9CLPK6","pid":8584,"level":20,"msg":"Processed: \u001b[35msource/font/Source Sans Pro.woff\u001b[39m","time":"2019-04-27T15:59:31.589Z","v":0}
{"name":"hexo","hostname":"S0OKZTB8R9CLPK6","pid":8584,"level":20,"msg":"Processed: \u001b[35msource/font/Source Sans Pro.woff2\u001b[39m","time":"2019-04-27T15:59:31.590Z","v":0}
{"name":"hexo","hostname":"S0OKZTB8R9CLPK6","pid":8584,"level":20,"msg":"Processed: \u001b[35msource/intro/index.js\u001b[39m","time":"2019-04-27T15:59:31.595Z","v":0}
{"name":"hexo","hostname":"S0OKZTB8R9CLPK6","pid":8584,"level":20,"msg":"Processed: \u001b[35msource/lib/webfontloader.min.js\u001b[39m","time":"2019-04-27T15:59:31.596Z","v":0}
{"name":"hexo","hostname":"S0OKZTB8R9CLPK6","pid":8584,"level":20,"msg":"Processed: \u001b[35msource/scripts/share.js\u001b[39m","time":"2019-04-27T15:59:31.597Z","v":0}
{"name":"hexo","hostname":"S0OKZTB8R9CLPK6","pid":8584,"level":20,"msg":"Processed: \u001b[35m_posts/2017-08-05-yangshuoyouji/20.JPG\u001b[39m","time":"2019-04-27T15:59:38.366Z","v":0}
{"name":"hexo","hostname":"S0OKZTB8R9CLPK6","pid":8584,"level":20,"msg":"Processed: \u001b[35m_posts/2017-08-20-xiamen/3.JPG\u001b[39m","time":"2019-04-27T15:59:38.369Z","v":0}
{"name":"hexo","hostname":"S0OKZTB8R9CLPK6","pid":8584,"level":20,"msg":"Processed: \u001b[35m_posts/2017-09-10-get-data/step5.png\u001b[39m","time":"2019-04-27T15:59:38.370Z","v":0}
{"name":"hexo","hostname":"S0OKZTB8R9CLPK6","pid":8584,"level":20,"msg":"Processed: \u001b[35msource/font/Oswald-Regular.ttf\u001b[39m","time":"2019-04-27T15:59:38.370Z","v":0}
{"name":"hexo","hostname":"S0OKZTB8R9CLPK6","pid":8584,"level":20,"msg":"Processed: \u001b[35msource/font/SourceCodePro-Regular.ttf.woff\u001b[39m","time":"2019-04-27T15:59:38.371Z","v":0}
{"name":"hexo","hostname":"S0OKZTB8R9CLPK6","pid":8584,"level":20,"msg":"Processed: \u001b[35msource/font/SourceCodePro-Regular.ttf.woff2\u001b[39m","time":"2019-04-27T15:59:38.371Z","v":0}
{"name":"hexo","hostname":"S0OKZTB8R9CLPK6","pid":8584,"level":20,"msg":"Processed: \u001b[35msource/intro/404-bg.jpg\u001b[39m","time":"2019-04-27T15:59:38.371Z","v":0}
{"name":"hexo","hostname":"S0OKZTB8R9CLPK6","pid":8584,"level":20,"msg":"Processed: \u001b[35msource/lib/jquery.min.js\u001b[39m","time":"2019-04-27T15:59:38.372Z","v":0}
{"name":"hexo","hostname":"S0OKZTB8R9CLPK6","pid":8584,"level":20,"msg":"Processed: \u001b[35mlayout/404.ejs\u001b[39m","time":"2019-04-27T15:59:47.055Z","v":0}
{"name":"hexo","hostname":"S0OKZTB8R9CLPK6","pid":8584,"level":20,"msg":"Processed: \u001b[35mlayout/about.ejs\u001b[39m","time":"2019-04-27T15:59:47.057Z","v":0}
{"name":"hexo","hostname":"S0OKZTB8R9CLPK6","pid":8584,"level":20,"msg":"Processed: \u001b[35mlayout/index.ejs\u001b[39m","time":"2019-04-27T15:59:47.057Z","v":0}
{"name":"hexo","hostname":"S0OKZTB8R9CLPK6","pid":8584,"level":20,"msg":"Processed: \u001b[35mlayout/layout.ejs\u001b[39m","time":"2019-04-27T15:59:47.058Z","v":0}
{"name":"hexo","hostname":"S0OKZTB8R9CLPK6","pid":8584,"level":20,"msg":"Processed: \u001b[35mlayout/post.ejs\u001b[39m","time":"2019-04-27T15:59:47.058Z","v":0}
{"name":"hexo","hostname":"S0OKZTB8R9CLPK6","pid":8584,"level":20,"msg":"Processed: \u001b[35mlayout/site-meta.ejs\u001b[39m","time":"2019-04-27T15:59:47.059Z","v":0}
{"name":"hexo","hostname":"S0OKZTB8R9CLPK6","pid":8584,"level":20,"msg":"Processed: \u001b[35mabout/index.md\u001b[39m","time":"2019-04-27T15:59:47.208Z","v":0}
{"name":"hexo","hostname":"S0OKZTB8R9CLPK6","pid":8584,"level":20,"msg":"Processed: \u001b[35m_posts/2017-08-05-yangshuoyouji/10.JPG\u001b[39m","time":"2019-04-27T15:59:47.233Z","v":0}
{"name":"hexo","hostname":"S0OKZTB8R9CLPK6","pid":8584,"level":20,"msg":"Processed: \u001b[35m_posts/2017-08-05-yangshuoyouji/12.JPG\u001b[39m","time":"2019-04-27T15:59:47.318Z","v":0}
{"name":"hexo","hostname":"S0OKZTB8R9CLPK6","pid":8584,"level":20,"msg":"Processed: \u001b[35m_posts/2017-08-05-yangshuoyouji/13.JPG\u001b[39m","time":"2019-04-27T15:59:47.387Z","v":0}
{"name":"hexo","hostname":"S0OKZTB8R9CLPK6","pid":8584,"level":20,"msg":"Processed: \u001b[35m_posts/2017-08-05-yangshuoyouji/17.JPG\u001b[39m","time":"2019-04-27T15:59:47.409Z","v":0}
{"name":"hexo","hostname":"S0OKZTB8R9CLPK6","pid":8584,"level":20,"msg":"Processed: \u001b[35m_posts/2017-08-05-yangshuoyouji/19.JPG\u001b[39m","time":"2019-04-27T15:59:47.414Z","v":0}
{"name":"hexo","hostname":"S0OKZTB8R9CLPK6","pid":8584,"level":20,"msg":"Processed: \u001b[35m_posts/2017-08-20-xiamen/1.JPG\u001b[39m","time":"2019-04-27T15:59:47.422Z","v":0}
{"name":"hexo","hostname":"S0OKZTB8R9CLPK6","pid":8584,"level":20,"msg":"Processed: \u001b[35m_posts/2017-08-05-yangshuoyouji/7.JPG\u001b[39m","time":"2019-04-27T15:59:47.425Z","v":0}
{"name":"hexo","hostname":"S0OKZTB8R9CLPK6","pid":8584,"level":20,"msg":"Processed: \u001b[35m_posts/2017-09-10-get-data/step2.png\u001b[39m","time":"2019-04-27T15:59:47.433Z","v":0}
{"name":"hexo","hostname":"S0OKZTB8R9CLPK6","pid":8584,"level":20,"msg":"Processed: \u001b[35m_posts/2017-08-20-xiamen/11.JPG\u001b[39m","time":"2019-04-27T15:59:47.434Z","v":0}
{"name":"hexo","hostname":"S0OKZTB8R9CLPK6","pid":8584,"level":20,"msg":"Processed: \u001b[35mapps/pie/graphics.min.js\u001b[39m","time":"2019-04-27T15:59:47.437Z","v":0}
{"name":"hexo","hostname":"S0OKZTB8R9CLPK6","pid":8584,"level":20,"msg":"Processed: \u001b[35msource/scripts/main.js\u001b[39m","time":"2019-04-27T15:59:47.440Z","v":0}
{"name":"hexo","hostname":"S0OKZTB8R9CLPK6","pid":8584,"level":20,"msg":"Processed: \u001b[35m_posts/2015-09-12-js-base-extend.markdown\u001b[39m","time":"2019-04-27T15:59:56.794Z","v":0}
{"name":"hexo","hostname":"S0OKZTB8R9CLPK6","pid":8584,"level":20,"msg":"Processed: \u001b[35m_posts/2015-09-25-shadow-dom.markdown\u001b[39m","time":"2019-04-27T15:59:56.797Z","v":0}
{"name":"hexo","hostname":"S0OKZTB8R9CLPK6","pid":8584,"level":20,"msg":"Processed: \u001b[35m_posts/2015-09-20-seajs-source.markdown\u001b[39m","time":"2019-04-27T15:59:56.798Z","v":0}
{"name":"hexo","hostname":"S0OKZTB8R9CLPK6","pid":8584,"level":20,"msg":"Processed: \u001b[35m_posts/2015-10-10-backbone.markdown\u001b[39m","time":"2019-04-27T15:59:56.798Z","v":0}
{"name":"hexo","hostname":"S0OKZTB8R9CLPK6","pid":8584,"level":20,"msg":"Processed: \u001b[35m_posts/2015-11-6-reback-js.markdown\u001b[39m","time":"2019-04-27T15:59:56.799Z","v":0}
{"name":"hexo","hostname":"S0OKZTB8R9CLPK6","pid":8584,"level":20,"msg":"Processed: \u001b[35m_posts/2016-04-10-react-resume.markdown\u001b[39m","time":"2019-04-27T15:59:56.799Z","v":0}
{"name":"hexo","hostname":"S0OKZTB8R9CLPK6","pid":8584,"level":20,"msg":"Processed: \u001b[35m_posts/2015-12-05-css-center.markdown\u001b[39m","time":"2019-04-27T15:59:56.800Z","v":0}
{"name":"hexo","hostname":"S0OKZTB8R9CLPK6","pid":8584,"level":20,"msg":"Processed: \u001b[35m_posts/2016-04-12-node-npm.markdown\u001b[39m","time":"2019-04-27T15:59:56.800Z","v":0}
{"name":"hexo","hostname":"S0OKZTB8R9CLPK6","pid":8584,"level":20,"msg":"Processed: \u001b[35m_posts/2016-06-08-pie.markdown\u001b[39m","time":"2019-04-27T15:59:56.802Z","v":0}
{"name":"hexo","hostname":"S0OKZTB8R9CLPK6","pid":8584,"level":20,"msg":"Processed: \u001b[35m_posts/2016-06-08-javascript-template.markdown\u001b[39m","time":"2019-04-27T15:59:56.802Z","v":0}
{"name":"hexo","hostname":"S0OKZTB8R9CLPK6","pid":8584,"level":20,"msg":"Processed: \u001b[35m_posts/2017-08-18-vue-router.markdown\u001b[39m","time":"2019-04-27T15:59:56.803Z","v":0}
{"name":"hexo","hostname":"S0OKZTB8R9CLPK6","pid":8584,"level":20,"msg":"Processed: \u001b[35m_posts/2017-09-01-vuex-base.markdown\u001b[39m","time":"2019-04-27T15:59:56.803Z","v":0}
{"name":"hexo","hostname":"S0OKZTB8R9CLPK6","pid":8584,"level":20,"msg":"Processed: \u001b[35m_posts/2017-08-05-yangshuoyouji/1.JPG\u001b[39m","time":"2019-04-27T15:59:56.818Z","v":0}
{"name":"hexo","hostname":"S0OKZTB8R9CLPK6","pid":8584,"level":20,"msg":"Processed: \u001b[35m_posts/2017-08-05-yangshuoyouji/11.JPG\u001b[39m","time":"2019-04-27T15:59:56.823Z","v":0}
{"name":"hexo","hostname":"S0OKZTB8R9CLPK6","pid":8584,"level":20,"msg":"Processed: \u001b[35m_posts/2017-08-05-yangshuoyouji/18.JPG\u001b[39m","time":"2019-04-27T15:59:56.828Z","v":0}
{"name":"hexo","hostname":"S0OKZTB8R9CLPK6","pid":8584,"level":20,"msg":"Processed: \u001b[35m_posts/2017-08-05-yangshuoyouji/2.JPG\u001b[39m","time":"2019-04-27T15:59:56.834Z","v":0}
{"name":"hexo","hostname":"S0OKZTB8R9CLPK6","pid":8584,"level":20,"msg":"Processed: \u001b[35m_posts/2017-08-05-yangshuoyouji/3.JPG\u001b[39m","time":"2019-04-27T15:59:56.838Z","v":0}
{"name":"hexo","hostname":"S0OKZTB8R9CLPK6","pid":8584,"level":20,"msg":"Processed: \u001b[35m_posts/2017-08-05-yangshuoyouji/8.JPG\u001b[39m","time":"2019-04-27T15:59:56.842Z","v":0}
{"name":"hexo","hostname":"S0OKZTB8R9CLPK6","pid":8584,"level":20,"msg":"Processed: \u001b[35m_posts/2017-08-05-yangshuoyouji/9.JPG\u001b[39m","time":"2019-04-27T15:59:56.846Z","v":0}
{"name":"hexo","hostname":"S0OKZTB8R9CLPK6","pid":8584,"level":20,"msg":"Processed: \u001b[35m_posts/2017-08-20-xiamen/10.JPG\u001b[39m","time":"2019-04-27T15:59:56.899Z","v":0}
{"name":"hexo","hostname":"S0OKZTB8R9CLPK6","pid":8584,"level":20,"msg":"Processed: \u001b[35m_posts/2017-08-20-xiamen/12.JPG\u001b[39m","time":"2019-04-27T15:59:56.904Z","v":0}
{"name":"hexo","hostname":"S0OKZTB8R9CLPK6","pid":8584,"level":20,"msg":"Processed: \u001b[35m_posts/2017-08-20-xiamen/14.JPG\u001b[39m","time":"2019-04-27T15:59:56.910Z","v":0}
{"name":"hexo","hostname":"S0OKZTB8R9CLPK6","pid":8584,"level":20,"msg":"Processed: \u001b[35m_posts/2017-08-20-xiamen/16.JPG\u001b[39m","time":"2019-04-27T15:59:56.914Z","v":0}
{"name":"hexo","hostname":"S0OKZTB8R9CLPK6","pid":8584,"level":20,"msg":"Processed: \u001b[35m_posts/2017-08-20-xiamen/17.JPG\u001b[39m","time":"2019-04-27T15:59:56.917Z","v":0}
{"name":"hexo","hostname":"S0OKZTB8R9CLPK6","pid":8584,"level":20,"msg":"Processed: \u001b[35m_posts/2017-08-20-xiamen/2.JPG\u001b[39m","time":"2019-04-27T15:59:56.921Z","v":0}
{"name":"hexo","hostname":"S0OKZTB8R9CLPK6","pid":8584,"level":20,"msg":"Processed: \u001b[35m_posts/2017-08-20-xiamen/4.JPG\u001b[39m","time":"2019-04-27T15:59:56.924Z","v":0}
{"name":"hexo","hostname":"S0OKZTB8R9CLPK6","pid":8584,"level":20,"msg":"Processed: \u001b[35m_posts/2017-08-20-xiamen/8.JPG\u001b[39m","time":"2019-04-27T15:59:56.925Z","v":0}
{"name":"hexo","hostname":"S0OKZTB8R9CLPK6","pid":8584,"level":20,"msg":"Processed: \u001b[35m_posts/2017-08-20-xiamen/9.JPG\u001b[39m","time":"2019-04-27T15:59:56.926Z","v":0}
{"name":"hexo","hostname":"S0OKZTB8R9CLPK6","pid":8584,"level":20,"msg":"Processed: \u001b[35msource/intro/index-bg.jpg\u001b[39m","time":"2019-04-27T15:59:56.926Z","v":0}
{"name":"hexo","hostname":"S0OKZTB8R9CLPK6","pid":8584,"level":20,"msg":"Processed: \u001b[35msource/intro/index-bg1.jpg\u001b[39m","time":"2019-04-27T15:59:56.927Z","v":0}
{"name":"hexo","hostname":"S0OKZTB8R9CLPK6","pid":8584,"level":20,"msg":"Processed: \u001b[35msource/intro/post-bg.jpg\u001b[39m","time":"2019-04-27T15:59:56.927Z","v":0}
{"name":"hexo","hostname":"S0OKZTB8R9CLPK6","pid":8584,"level":20,"msg":"Processed: \u001b[35mapps/dear/source/functions.js\u001b[39m","time":"2019-04-27T15:59:57.025Z","v":0}
{"name":"hexo","hostname":"S0OKZTB8R9CLPK6","pid":8584,"level":20,"msg":"Processed: \u001b[35mapps/dear/source/default.css\u001b[39m","time":"2019-04-27T15:59:57.026Z","v":0}
{"name":"hexo","hostname":"S0OKZTB8R9CLPK6","pid":8584,"level":20,"msg":"Processed: \u001b[35mapps/dear/source/jscex-async.min.js\u001b[39m","time":"2019-04-27T15:59:57.027Z","v":0}
{"name":"hexo","hostname":"S0OKZTB8R9CLPK6","pid":8584,"level":20,"msg":"Processed: \u001b[35mapps/dear/source/jscex-async-powerpack.min.js\u001b[39m","time":"2019-04-27T15:59:57.028Z","v":0}
{"name":"hexo","hostname":"S0OKZTB8R9CLPK6","pid":8584,"level":20,"msg":"Processed: \u001b[35mapps/dear/source/jscex-jit.js\u001b[39m","time":"2019-04-27T15:59:57.028Z","v":0}
{"name":"hexo","hostname":"S0OKZTB8R9CLPK6","pid":8584,"level":20,"msg":"Processed: \u001b[35mapps/dear/source/jscex.min.js\u001b[39m","time":"2019-04-27T15:59:57.029Z","v":0}
{"name":"hexo","hostname":"S0OKZTB8R9CLPK6","pid":8584,"level":20,"msg":"Processed: \u001b[35mapps/dear/source/love.js\u001b[39m","time":"2019-04-27T15:59:57.030Z","v":0}
{"name":"hexo","hostname":"S0OKZTB8R9CLPK6","pid":8584,"level":20,"msg":"Processed: \u001b[35mapps/dear/source/jscex-parser.js\u001b[39m","time":"2019-04-27T15:59:57.030Z","v":0}
{"name":"hexo","hostname":"S0OKZTB8R9CLPK6","pid":8584,"level":20,"msg":"Processed: \u001b[35mapps/dear/source/jscex-builderbase.min.js\u001b[39m","time":"2019-04-27T15:59:57.031Z","v":0}
